[18:26:45][no_game_date][systemsettings.cpp:163]: OS: Windows 10 x86_64
[18:26:45][no_game_date][systemsettings.cpp:164]: OS Lang: ru
[18:26:45][no_game_date][systemsettings.cpp:165]: CPU Model: AMD Ryzen 5 7500F 6-Core Processor             
[18:26:45][no_game_date][systemsettings.cpp:166]: Number of cores: 6 (12)
[18:26:45][no_game_date][systemsettings.cpp:168]: Estimated CPU speed: 0MHz
[18:26:45][no_game_date][systemsettings.cpp:169]: System memory: 32333MB
[18:26:45][no_game_date][gfx_dx11.cpp:3478]: GetGraphicsSettings for Adapter: 0
[18:26:45][no_game_date][gfx_dx11.cpp:3511]: Found Adapter: Radeon RX 580 Series
[18:26:45][no_game_date][gfx_dx11.cpp:3534]: Using Adapter [0] to check for multi-sampling support:
[18:26:45][no_game_date][gfx_dx11.cpp:3572]: Found available multisampling mode: 2 at Quality: 4
[18:26:45][no_game_date][gfx_dx11.cpp:3572]: Found available multisampling mode: 4 at Quality: 16
[18:26:45][no_game_date][gfx_dx11.cpp:3572]: Found available multisampling mode: 8 at Quality: 16
[18:26:45][no_game_date][graphicssettings.cpp:172]: 	2 samples supported.
[18:26:45][no_game_date][graphicssettings.cpp:172]: 	4 samples supported.
[18:26:45][no_game_date][graphicssettings.cpp:172]: 	8 samples supported.
[18:26:45][no_game_date][graphicssettings.cpp:210]: Video adapter: Radeon RX 580 Series
[18:26:45][no_game_date][graphicssettings.cpp:211]: Video driver: DirectX 11
[18:26:45][no_game_date][graphicssettings.cpp:212]: Video driver version: 0.0.0.0
[18:26:45][no_game_date][graphicssettings.cpp:213]: Video memory: 8135
[18:26:45][no_game_date][graphicssettings.cpp:214]: Support for Anisotropic filtering found.
[18:26:45][no_game_date][graphicssettings.cpp:218]: 	Max Anisotropic filtering supported: 16
[18:26:45][no_game_date][graphicssettings.cpp:219]: 	Anisotropic filtering set to: 4
[18:26:46][no_game_date][main.cpp:2061]: Creating application...
[18:26:46][no_game_date][pdx_speech_stt_winsapi.cpp:42]: PdxSpeechToTextWinSAPI::Initialize: microphone was not found![18:26:46][no_game_date][gameapplication.cpp:1209]: Initializing application...
[18:26:47][no_game_date][gameapplication.cpp:1215]: Done initializing application
[18:26:47][no_game_date][gameapplication.cpp:1218]: Loading cursor...
[18:26:47][no_game_date][graphicssettings.cpp:747]: Using multisampling: 4
[18:26:47][no_game_date][graphics.cpp:973]: Creating device with: HARDWARE_VERTEXPROCESSING
	Fullscreen=no
	Resolution=1920x1080
	Renderer=DirectX 11
[18:26:47][no_game_date][graphicssettings.cpp:715]: Usable res: 640 480 60
[18:26:47][no_game_date][graphicssettings.cpp:715]: Usable res: 640 480 67
[18:26:47][no_game_date][graphicssettings.cpp:715]: Usable res: 640 480 72
[18:26:47][no_game_date][graphicssettings.cpp:715]: Usable res: 640 480 75
[18:26:47][no_game_date][graphicssettings.cpp:715]: Usable res: 640 480 100
[18:26:47][no_game_date][graphicssettings.cpp:715]: Usable res: 640 480 100
[18:26:47][no_game_date][graphicssettings.cpp:715]: Usable res: 640 480 59
[18:26:47][no_game_date][graphicssettings.cpp:715]: Usable res: 720 400 70
[18:26:47][no_game_date][graphicssettings.cpp:715]: Usable res: 720 400 75
[18:26:47][no_game_date][graphicssettings.cpp:715]: Usable res: 720 400 75
[18:26:47][no_game_date][graphicssettings.cpp:715]: Usable res: 720 400 100
[18:26:47][no_game_date][graphicssettings.cpp:715]: Usable res: 720 400 100
[18:26:47][no_game_date][graphicssettings.cpp:715]: Usable res: 720 400 59
[18:26:47][no_game_date][graphicssettings.cpp:715]: Usable res: 720 400 59
[18:26:47][no_game_date][graphicssettings.cpp:715]: Usable res: 720 480 60
[18:26:47][no_game_date][graphicssettings.cpp:715]: Usable res: 720 480 75
[18:26:47][no_game_date][graphicssettings.cpp:715]: Usable res: 720 480 75
[18:26:47][no_game_date][graphicssettings.cpp:715]: Usable res: 720 480 100
[18:26:47][no_game_date][graphicssettings.cpp:715]: Usable res: 720 480 100
[18:26:47][no_game_date][graphicssettings.cpp:715]: Usable res: 720 480 59
[18:26:47][no_game_date][graphicssettings.cpp:715]: Usable res: 720 576 50
[18:26:47][no_game_date][graphicssettings.cpp:715]: Usable res: 720 576 75
[18:26:47][no_game_date][graphicssettings.cpp:715]: Usable res: 720 576 75
[18:26:47][no_game_date][graphicssettings.cpp:715]: Usable res: 720 576 100
[18:26:47][no_game_date][graphicssettings.cpp:715]: Usable res: 720 576 100
[18:26:47][no_game_date][graphicssettings.cpp:715]: Usable res: 720 576 59
[18:26:47][no_game_date][graphicssettings.cpp:715]: Usable res: 720 576 59
[18:26:47][no_game_date][graphicssettings.cpp:715]: Usable res: 800 600 56
[18:26:47][no_game_date][graphicssettings.cpp:715]: Usable res: 800 600 60
[18:26:47][no_game_date][graphicssettings.cpp:715]: Usable res: 800 600 72
[18:26:47][no_game_date][graphicssettings.cpp:715]: Usable res: 800 600 75
[18:26:47][no_game_date][graphicssettings.cpp:715]: Usable res: 800 600 100
[18:26:47][no_game_date][graphicssettings.cpp:715]: Usable res: 800 600 100
[18:26:47][no_game_date][graphicssettings.cpp:715]: Usable res: 832 624 75
[18:26:47][no_game_date][graphicssettings.cpp:715]: Usable res: 832 624 100
[18:26:47][no_game_date][graphicssettings.cpp:715]: Usable res: 832 624 100
[18:26:47][no_game_date][graphicssettings.cpp:715]: Usable res: 832 624 59
[18:26:47][no_game_date][graphicssettings.cpp:715]: Usable res: 832 624 59
[18:26:47][no_game_date][graphicssettings.cpp:715]: Usable res: 1024 768 60
[18:26:47][no_game_date][graphicssettings.cpp:715]: Usable res: 1024 768 70
[18:26:47][no_game_date][graphicssettings.cpp:715]: Usable res: 1024 768 75
[18:26:47][no_game_date][graphicssettings.cpp:715]: Usable res: 1024 768 100
[18:26:47][no_game_date][graphicssettings.cpp:715]: Usable res: 1024 768 100
[18:26:47][no_game_date][graphicssettings.cpp:715]: Usable res: 1128 634 75
[18:26:47][no_game_date][graphicssettings.cpp:715]: Usable res: 1128 634 75
[18:26:47][no_game_date][graphicssettings.cpp:715]: Usable res: 1128 634 100
[18:26:47][no_game_date][graphicssettings.cpp:715]: Usable res: 1128 634 100
[18:26:47][no_game_date][graphicssettings.cpp:715]: Usable res: 1128 634 59
[18:26:47][no_game_date][graphicssettings.cpp:715]: Usable res: 1128 634 59
[18:26:47][no_game_date][graphicssettings.cpp:715]: Usable res: 1152 864 75
[18:26:47][no_game_date][graphicssettings.cpp:715]: Usable res: 1152 864 100
[18:26:47][no_game_date][graphicssettings.cpp:715]: Usable res: 1152 864 100
[18:26:47][no_game_date][graphicssettings.cpp:715]: Usable res: 1152 864 59
[18:26:47][no_game_date][graphicssettings.cpp:715]: Usable res: 1152 864 59
[18:26:47][no_game_date][graphicssettings.cpp:715]: Usable res: 1152 870 75
[18:26:47][no_game_date][graphicssettings.cpp:715]: Usable res: 1152 870 100
[18:26:47][no_game_date][graphicssettings.cpp:715]: Usable res: 1152 870 100
[18:26:47][no_game_date][graphicssettings.cpp:715]: Usable res: 1152 870 59
[18:26:47][no_game_date][graphicssettings.cpp:715]: Usable res: 1152 870 59
[18:26:47][no_game_date][graphicssettings.cpp:715]: Usable res: 1280 720 50
[18:26:47][no_game_date][graphicssettings.cpp:715]: Usable res: 1280 720 60
[18:26:47][no_game_date][graphicssettings.cpp:715]: Usable res: 1280 720 75
[18:26:47][no_game_date][graphicssettings.cpp:715]: Usable res: 1280 720 75
[18:26:47][no_game_date][graphicssettings.cpp:715]: Usable res: 1280 720 100
[18:26:47][no_game_date][graphicssettings.cpp:715]: Usable res: 1280 720 100
[18:26:47][no_game_date][graphicssettings.cpp:715]: Usable res: 1280 720 59
[18:26:47][no_game_date][graphicssettings.cpp:715]: Usable res: 1280 800 60
[18:26:47][no_game_date][graphicssettings.cpp:715]: Usable res: 1280 800 75
[18:26:47][no_game_date][graphicssettings.cpp:715]: Usable res: 1280 800 75
[18:26:47][no_game_date][graphicssettings.cpp:715]: Usable res: 1280 800 100
[18:26:47][no_game_date][graphicssettings.cpp:715]: Usable res: 1280 800 100
[18:26:47][no_game_date][graphicssettings.cpp:715]: Usable res: 1280 960 60
[18:26:47][no_game_date][graphicssettings.cpp:715]: Usable res: 1280 960 75
[18:26:47][no_game_date][graphicssettings.cpp:715]: Usable res: 1280 960 75
[18:26:47][no_game_date][graphicssettings.cpp:715]: Usable res: 1280 960 100
[18:26:47][no_game_date][graphicssettings.cpp:715]: Usable res: 1280 960 100
[18:26:47][no_game_date][graphicssettings.cpp:715]: Usable res: 1280 1024 60
[18:26:47][no_game_date][graphicssettings.cpp:715]: Usable res: 1280 1024 75
[18:26:47][no_game_date][graphicssettings.cpp:715]: Usable res: 1280 1024 100
[18:26:47][no_game_date][graphicssettings.cpp:715]: Usable res: 1280 1024 100
[18:26:47][no_game_date][graphicssettings.cpp:715]: Usable res: 1366 768 60
[18:26:47][no_game_date][graphicssettings.cpp:715]: Usable res: 1366 768 60
[18:26:47][no_game_date][graphicssettings.cpp:715]: Usable res: 1366 768 75
[18:26:47][no_game_date][graphicssettings.cpp:715]: Usable res: 1366 768 75
[18:26:47][no_game_date][graphicssettings.cpp:715]: Usable res: 1366 768 100
[18:26:47][no_game_date][graphicssettings.cpp:715]: Usable res: 1366 768 100
[18:26:47][no_game_date][graphicssettings.cpp:715]: Usable res: 1440 900 60
[18:26:47][no_game_date][graphicssettings.cpp:715]: Usable res: 1440 900 75
[18:26:47][no_game_date][graphicssettings.cpp:715]: Usable res: 1440 900 75
[18:26:47][no_game_date][graphicssettings.cpp:715]: Usable res: 1440 900 100
[18:26:47][no_game_date][graphicssettings.cpp:715]: Usable res: 1440 900 100
[18:26:47][no_game_date][graphicssettings.cpp:715]: Usable res: 1600 900 60
[18:26:47][no_game_date][graphicssettings.cpp:715]: Usable res: 1600 900 60
[18:26:47][no_game_date][graphicssettings.cpp:715]: Usable res: 1600 900 75
[18:26:47][no_game_date][graphicssettings.cpp:715]: Usable res: 1600 900 75
[18:26:47][no_game_date][graphicssettings.cpp:715]: Usable res: 1600 900 100
[18:26:47][no_game_date][graphicssettings.cpp:715]: Usable res: 1600 900 100
[18:26:47][no_game_date][graphicssettings.cpp:715]: Usable res: 1680 1050 60
[18:26:47][no_game_date][graphicssettings.cpp:715]: Usable res: 1680 1050 75
[18:26:47][no_game_date][graphicssettings.cpp:715]: Usable res: 1680 1050 75
[18:26:47][no_game_date][graphicssettings.cpp:715]: Usable res: 1680 1050 100
[18:26:47][no_game_date][graphicssettings.cpp:715]: Usable res: 1680 1050 100
[18:26:47][no_game_date][graphicssettings.cpp:715]: Usable res: 1760 990 50
[18:26:47][no_game_date][graphicssettings.cpp:715]: Usable res: 1760 990 50
[18:26:47][no_game_date][graphicssettings.cpp:715]: Usable res: 1760 990 60
[18:26:47][no_game_date][graphicssettings.cpp:715]: Usable res: 1760 990 60
[18:26:47][no_game_date][graphicssettings.cpp:715]: Usable res: 1760 990 75
[18:26:47][no_game_date][graphicssettings.cpp:715]: Usable res: 1760 990 75
[18:26:47][no_game_date][graphicssettings.cpp:715]: Usable res: 1760 990 100
[18:26:47][no_game_date][graphicssettings.cpp:715]: Usable res: 1760 990 100
[18:26:47][no_game_date][graphicssettings.cpp:715]: Usable res: 1760 990 59
[18:26:47][no_game_date][graphicssettings.cpp:715]: Usable res: 1760 990 59
[18:26:47][no_game_date][graphicssettings.cpp:715]: Usable res: 1920 1080 50
[18:26:47][no_game_date][graphicssettings.cpp:715]: Usable res: 1920 1080 60
[18:26:47][no_game_date][graphicssettings.cpp:715]: Usable res: 1920 1080 75
[18:26:47][no_game_date][graphicssettings.cpp:715]: Usable res: 1920 1080 100
[18:26:47][no_game_date][graphicssettings.cpp:715]: Usable res: 1920 1080 59
[18:26:47][no_game_date][graphics.cpp:1008]: Done creating device.
[18:27:38][no_game_date][gameapplication.cpp:1464]: Version: Countenance v1.16.9.8bdd (63d6) build time: Jun 11 2025 10:40:54
[18:27:38][no_game_date][gameapplication.cpp:1469]: Active DLC Count: 38
[18:27:38][no_game_date][gameapplication.cpp:1470]: Active Mod Count: 3
[18:27:38][no_game_date][gameapplication.cpp:1474]: Active DLC: Allied Armor Pack
[18:27:38][no_game_date][gameapplication.cpp:1474]: Active DLC: Allied Radio Music Pack
[18:27:38][no_game_date][gameapplication.cpp:1474]: Active DLC: Allied Speeches Pack
[18:27:38][no_game_date][gameapplication.cpp:1474]: Active DLC: Anniversary Pack
[18:27:38][no_game_date][gameapplication.cpp:1474]: Active DLC: Arms Against Tyranny
[18:27:38][no_game_date][gameapplication.cpp:1474]: Active DLC: Arms Against Tyranny Preorder Bonus
[18:27:38][no_game_date][gameapplication.cpp:1474]: Active DLC: Axis Armor Pack
[18:27:38][no_game_date][gameapplication.cpp:1474]: Active DLC: Battle for the Bosporus
[18:27:38][no_game_date][gameapplication.cpp:1474]: Active DLC: British Tanks Unit Pack
[18:27:38][no_game_date][gameapplication.cpp:1474]: Active DLC: By Blood Alone
[18:27:38][no_game_date][gameapplication.cpp:1474]: Active DLC: By Blood Alone Preorder Bonus
[18:27:38][no_game_date][gameapplication.cpp:1474]: Active DLC: Content Creator Pack - Soviet Union 2D Art
[18:27:38][no_game_date][gameapplication.cpp:1474]: Active DLC: Eastern Front Planes Pack
[18:27:38][no_game_date][gameapplication.cpp:1474]: Active DLC: Expansion Pass 1: Ride of the Valkyries
[18:27:38][no_game_date][gameapplication.cpp:1474]: Active DLC: Expansion Pass 1: Supporter Pack
[18:27:38][no_game_date][gameapplication.cpp:1474]: Active DLC: French Tanks Unit Pack
[18:27:38][no_game_date][gameapplication.cpp:1474]: Active DLC: German March Order Music Pack
[18:27:38][no_game_date][gameapplication.cpp:1474]: Active DLC: German Tanks Unit Pack
[18:27:38][no_game_date][gameapplication.cpp:1474]: Active DLC: Gotterdammerung
[18:27:38][no_game_date][gameapplication.cpp:1474]: Active DLC: Graveyard of Empires
[18:27:38][no_game_date][gameapplication.cpp:1474]: Active DLC: Heavy Cruisers Unit Pack
[18:27:38][no_game_date][gameapplication.cpp:1474]: Active DLC: Historical German Portraits
[18:27:38][no_game_date][gameapplication.cpp:1474]: Active DLC: La Resistance
[18:27:38][no_game_date][gameapplication.cpp:1474]: Active DLC: La Resistance Preorder Bonus
[18:27:38][no_game_date][gameapplication.cpp:1474]: Active DLC: Man the Guns
[18:27:38][no_game_date][gameapplication.cpp:1474]: Active DLC: No Step Back
[18:27:38][no_game_date][gameapplication.cpp:1474]: Active DLC: No Step Back Preorder Bonus
[18:27:38][no_game_date][gameapplication.cpp:1474]: Active DLC: Poland: United and Ready
[18:27:38][no_game_date][gameapplication.cpp:1474]: Active DLC: Prototype Vehicles
[18:27:38][no_game_date][gameapplication.cpp:1474]: Active DLC: Radio Pack
[18:27:38][no_game_date][gameapplication.cpp:1474]: Active DLC: Rocket Launcher Unit Pack
[18:27:38][no_game_date][gameapplication.cpp:1474]: Active DLC: Sabaton Soundtrack
[18:27:38][no_game_date][gameapplication.cpp:1474]: Active DLC: Sabaton Soundtrack Vol.2
[18:27:38][no_game_date][gameapplication.cpp:1474]: Active DLC: Songs of the Eastern Front
[18:27:38][no_game_date][gameapplication.cpp:1474]: Active DLC: Soviet Tanks Unit Pack
[18:27:38][no_game_date][gameapplication.cpp:1474]: Active DLC: Trial of Allegiance
[18:27:38][no_game_date][gameapplication.cpp:1474]: Active DLC: Trial of Allegiance Preorder Bonus
[18:27:38][no_game_date][gameapplication.cpp:1474]: Active DLC: US Tanks Unit Pack
[18:27:38][no_game_date][gameapplication.cpp:1479]: Active Mod: RT56 Compatibility Patch
[18:27:38][no_game_date][gameapplication.cpp:1479]: Active Mod: Road to 56 : Expanded
[18:27:38][no_game_date][gameapplication.cpp:1479]: Active Mod: The Road to 56
[18:28:09][1940.06.01.01][graphicssettings.cpp:747]: Using multisampling: 4
